<?xml version="1.0" encoding="UTF-8"?>
<testng-results ignored="0" total="1" passed="1" failed="0" skipped="0">
  <reporter-output>
  </reporter-output>
  <suite started-at="2024-09-13T17:41:38 IST" name="Default suite" finished-at="2024-09-13T17:41:39 IST" duration-ms="112">
    <groups>
    </groups>
    <test started-at="2024-09-13T17:41:38 IST" name="Default test" finished-at="2024-09-13T17:41:39 IST" duration-ms="112">
      <class name="Tests.Day1">
        <test-method signature="Test_demo()[pri:0, instance:Tests.Day1@48974e45]" started-at="2024-09-13T17:41:39 IST" name="Test_demo" finished-at="2024-09-13T17:41:39 IST" duration-ms="23" status="PASS">
          <reporter-output>
          </reporter-output>
        </test-method> <!-- Test_demo -->
      </class> <!-- Tests.Day1 -->
    </test> <!-- Default test -->
  </suite> <!-- Default suite -->
</testng-results>
